<?xml version="1.0" encoding="UTF-8"?>
<testsuite name="com.sai.Lazy.LazyApplicationTests" tests="1" skipped="0" failures="0" errors="0" timestamp="2023-03-12T17:58:06" hostname="MBP-C02F5ASXMD6M" time="0.324">
  <properties/>
  <testcase name="contextLoads()" classname="com.sai.Lazy.LazyApplicationTests" time="0.324"/>
  <system-out><![CDATA[23:28:05.472 [Test worker] DEBUG org.springframework.boot.test.context.SpringBootTestContextBootstrapper - Neither @ContextConfiguration nor @ContextHierarchy found for test class [LazyApplicationTests]: using SpringBootContextLoader
23:28:05.477 [Test worker] DEBUG org.springframework.test.context.support.AbstractContextLoader - Could not detect default resource locations for test class [com.sai.Lazy.LazyApplicationTests]: no resource found for suffixes {-context.xml, Context.groovy}.
23:28:05.478 [Test worker] INFO org.springframework.test.context.support.AnnotationConfigContextLoaderUtils - Could not detect default configuration classes for test class [com.sai.Lazy.LazyApplicationTests]: LazyApplicationTests does not declare any static, non-private, non-final, nested classes annotated with @Configuration.
23:28:05.499 [Test worker] DEBUG org.springframework.boot.test.context.SpringBootTestContextBootstrapper - Using ContextCustomizers for test class [LazyApplicationTests]: [DisableObservabilityContextCustomizer, PropertyMappingContextCustomizer, Customizer, ExcludeFilterContextCustomizer, DuplicateJsonObjectContextCustomizer, MockitoContextCustomizer, TestRestTemplateContextCustomizer]
23:28:05.564 [Test worker] DEBUG org.springframework.context.annotation.ClassPathScanningCandidateComponentProvider - Identified candidate component class: file [/Users/saiashish/Desktop/sai/projects/Lazy/build/classes/java/main/com/sai/Lazy/LazyApplication.class]
23:28:05.566 [Test worker] INFO org.springframework.boot.test.context.SpringBootTestContextBootstrapper - Found @SpringBootConfiguration com.sai.Lazy.LazyApplication for test class com.sai.Lazy.LazyApplicationTests
23:28:05.637 [Test worker] DEBUG org.springframework.test.context.util.TestContextSpringFactoriesUtils - Skipping candidate TestExecutionListener [org.springframework.test.context.web.ServletTestExecutionListener] due to a missing dependency. Specify custom TestExecutionListener classes or make the default TestExecutionListener classes and their required dependencies available. Offending class: [jakarta/servlet/ServletContext]
23:28:05.641 [Test worker] DEBUG org.springframework.test.context.util.TestContextSpringFactoriesUtils - Skipping candidate TestExecutionListener [org.springframework.test.context.transaction.TransactionalTestExecutionListener] due to a missing dependency. Specify custom TestExecutionListener classes or make the default TestExecutionListener classes and their required dependencies available. Offending class: [org/springframework/transaction/interceptor/TransactionAttributeSource]
23:28:05.642 [Test worker] DEBUG org.springframework.test.context.util.TestContextSpringFactoriesUtils - Skipping candidate TestExecutionListener [org.springframework.test.context.jdbc.SqlScriptsTestExecutionListener] due to a missing dependency. Specify custom TestExecutionListener classes or make the default TestExecutionListener classes and their required dependencies available. Offending class: [org/springframework/transaction/interceptor/TransactionAttribute]
23:28:05.644 [Test worker] DEBUG org.springframework.boot.test.context.SpringBootTestContextBootstrapper - Using TestExecutionListeners for test class [LazyApplicationTests]: [DirtiesContextBeforeModesTestExecutionListener, ApplicationEventsTestExecutionListener, MockitoTestExecutionListener, DependencyInjectionTestExecutionListener, DirtiesContextTestExecutionListener, EventPublishingTestExecutionListener, RestDocsTestExecutionListener, MockRestServiceServerResetTestExecutionListener, MockMvcPrintOnlyOnFailureTestExecutionListener, WebDriverTestExecutionListener, MockWebServiceServerTestExecutionListener, ResetMocksTestExecutionListener]
23:28:05.645 [Test worker] DEBUG org.springframework.test.context.support.AbstractDirtiesContextTestExecutionListener - Before test class: class [LazyApplicationTests], class annotated with @DirtiesContext [false] with mode [null]
23:28:05.659 [Test worker] DEBUG org.springframework.test.context.support.DependencyInjectionTestExecutionListener - Performing dependency injection for test class com.sai.Lazy.LazyApplicationTests

  .   ____          _            __ _ _
 /\\ / ___'_ __ _ _(_)_ __  __ _ \ \ \ \
( ( )\___ | '_ | '_| | '_ \/ _` | \ \ \ \
 \\/  ___)| |_)| | | | | || (_| |  ) ) ) )
  '  |____| .__|_| |_|_| |_\__, | / / / /
 =========|_|==============|___/=/_/_/_/
 :: Spring Boot ::                (v3.0.4)

2023-03-12T23:28:05.917+05:30  INFO 3170 --- [    Test worker] com.sai.Lazy.LazyApplicationTests        : Starting LazyApplicationTests using Java 17.0.5 with PID 3170 (started by saiashish in /Users/saiashish/Desktop/sai/projects/Lazy)
2023-03-12T23:28:05.919+05:30  INFO 3170 --- [    Test worker] com.sai.Lazy.LazyApplicationTests        : No active profile set, falling back to 1 default profile: "default"
2023-03-12T23:28:06.269+05:30  INFO 3170 --- [    Test worker] com.sai.Lazy.LazyApplicationTests        : Started LazyApplicationTests in 0.581 seconds (process running for 1.551)
]]></system-out>
  <system-err><![CDATA[]]></system-err>
</testsuite>
